<?xml version="1.0" encoding="UTF-8"?>
<!-- Generated by org.testng.reporters.JUnitXMLReporter -->
<testsuite ignored="0" hostname="LIKHON-ITECH" failures="1"
	tests="1" name="Test" time="16.317" errors="0"
	timestamp="2022-02-13T14:00:46 EST">
	<testcase
		classname="io.cucumber.testng.AbstractTestNGCucumberTests"
		name="runScenario" time="14.233">
		<failure type="java.lang.NullPointerException">
      <![CDATA[java.lang.NullPointerException
at com.util.BaseConfig.getValue(BaseConfig.java:19)
at com.cucumber.stepdef.LoginStepdef.getUsername(LoginStepdef.java:35)
at ✽.put valid user name(file:///E:/Eclipse%20project/CucumberMavenProject/src/test/resources/OrbisLogin.feature:10)
]]>
		</failure>
	</testcase> <!-- runScenario -->
</testsuite> <!-- Test -->
