<?xml version="1.0" encoding="UTF-8"?>
<testsuite xmlns:xsi="http://www.w3.org/2001/XMLSchema-instance" xsi:noNamespaceSchemaLocation="https://maven.apache.org/surefire/maven-surefire-plugin/xsd/surefire-test-report-3.0.xsd" version="3.0" name="TestSuite" time="4.09" tests="1" errors="0" skipped="0" failures="0">
  <properties>
[...]
</properties>
  <testcase name="feature[User able to login with valid username &amp; password](1)" classname="orange.ny.runner.MyRunner" time="3.289">
    <system-out><![CDATA[[TestNGContentHandler] [WARN] It is strongly recommended to add "<!DOCTYPE suite SYSTEM "http://testng.org/testng-1.0.dtd" >" at the top of your file, otherwise TestNG may fail or not work as expected.
Feature: User able to login with valid username & password
  
  Description: "User login orangenyhrm website & verify title"
The title of the page is :OrangeHRM

  #Background:   Contain common step
  @SmokeTest
  Scenario: User can login with valid username & password and verify the page # testFunction.feature:7
    #Given User can open any browser
    #And User able to enter url
    # Above steps in cucumber hooks
    Given User enter the userName and password                                # StepDefinition.user_enter_the_userName_and_password()
    When User click on the login button                                       # StepDefinition.user_click_on_the_login_button()
    Then User login successfull & verify the homepage                         # StepDefinition.user_login_successfull_verify_the_homepage()
]]></system-out>
    <system-err><![CDATA[Mar 26, 2022 4:22:09 AM orange.ny.base.BasePage initializations
INFO: ****** Starting Chrome Browser ******
Starting ChromeDriver 99.0.4844.51 (d537ec02474b5afe23684e7963d538896c63ac77-refs/branch-heads/4844@{#875}) on port 5278
Only local connections are allowed.
Please see https://chromedriver.chromium.org/security-considerations for suggestions on keeping ChromeDriver safe.
ChromeDriver was started successfully.
Mar 26, 2022 4:22:10 AM org.openqa.selenium.remote.ProtocolHandshake createSession
INFO: Detected dialect: W3C
Mar 26, 2022 4:22:12 AM orange.ny.stepdef.StepDefinition user_enter_the_userName_and_password
INFO: ****** Entered Username ******
Mar 26, 2022 4:22:12 AM orange.ny.stepdef.StepDefinition user_enter_the_userName_and_password
INFO: ****** Entered Password ******
Mar 26, 2022 4:22:12 AM orange.ny.stepdef.StepDefinition user_click_on_the_login_button
INFO: ****** Sign In Application ******
Mar 26, 2022 4:22:12 AM orange.ny.stepdef.StepDefinition user_login_successfull_verify_the_homepage
INFO: ****** Verify the page title ******
]]></system-err>
  </testcase>
</testsuite>