<?xml version="1.0" encoding="UTF-8"?>
<testng-results ignored="0" total="1" passed="1"
	failed="0" skipped="0">
	<reporter-output>
	</reporter-output>
	<suite started-at="2022-02-13T14:20:34 EST" name="Default suite"
		finished-at="2022-02-13T14:20:51 EST" duration-ms="17463">
		<groups>
			<group name="cucumber">
				<method
					signature="AbstractTestNGCucumberTests.runScenario(io.cucumber.testng.PickleWrapper,io.cucumber.testng.FeatureWrapper)[pri:0, instance:com.cucumber.runnerfile.RunnerFiles@13e344d]"
					name="runScenario"
					class="io.cucumber.testng.AbstractTestNGCucumberTests" />
			</group> <!-- cucumber -->
		</groups>
		<test started-at="2022-02-13T14:20:34 EST" name="Default test"
			finished-at="2022-02-13T14:20:51 EST" duration-ms="17463">
			<class name="com.cucumber.runnerfile.RunnerFiles">
				<test-method is-config="true"
					signature="setUpClass()[pri:0, instance:com.cucumber.runnerfile.RunnerFiles@13e344d]"
					started-at="2022-02-13T14:20:34 EST" name="setUpClass"
					finished-at="2022-02-13T14:20:34 EST" duration-ms="378"
					status="PASS">
					<reporter-output>
					</reporter-output>
				</test-method> <!-- setUpClass -->
				<test-method
					signature="runScenario(io.cucumber.testng.PickleWrapper,io.cucumber.testng.FeatureWrapper)[pri:0, instance:com.cucumber.runnerfile.RunnerFiles@13e344d]"
					started-at="2022-02-13T14:20:34 EST" name="runScenario"
					description="Runs Cucumber Scenarios" data-provider="scenarios"
					finished-at="2022-02-13T14:20:50 EST" duration-ms="15630"
					status="PASS">
					<params>
						<param index="0">
							<value>
                <![CDATA["As an Orbis user, can do successfull login with valid credential"]]>
							</value>
						</param>
						<param index="1">
							<value>
                <![CDATA["Optional[Login function test]"]]>
							</value>
						</param>
					</params>
					<reporter-output>
					</reporter-output>
				</test-method> <!-- runScenario -->
				<test-method is-config="true"
					signature="tearDownClass()[pri:0, instance:com.cucumber.runnerfile.RunnerFiles@13e344d]"
					started-at="2022-02-13T14:20:50 EST" name="tearDownClass"
					finished-at="2022-02-13T14:20:51 EST" duration-ms="1428"
					status="PASS">
					<reporter-output>
					</reporter-output>
				</test-method> <!-- tearDownClass -->
			</class> <!-- com.cucumber.runnerfile.RunnerFiles -->
		</test> <!-- Default test -->
	</suite> <!-- Default suite -->
</testng-results>
